<?xml version="1.0" encoding="utf-8" standalone="no"?>
<!--This file represents the results of running a test suite-->
<test-results name="C:\Users\Mehmet Gerceker\workspace\CSharp-Nunit-Selenium\ParallelSelenium\bin\Release\ParallelSelenium.dll" total="1" errors="0" failures="0" not-run="0" inconclusive="0" ignored="0" skipped="0" invalid="0" date="2016-05-05" time="18:55:55">
  <environment nunit-version="2.6.4.14350" clr-version="2.0.50727.8662" os-version="Microsoft Windows NT 6.2.9200.0" platform="Win32NT" cwd="C:\Users\Mehmet Gerceker\workspace\CSharp-Nunit-Selenium\ParallelSelenium\bin\Release" machine-name="DESKTOP-J3663AV" user="Mehmet Gerceker" user-domain="DESKTOP-J3663AV" />
  <culture-info current-culture="en-US" current-uiculture="en-US" />
  <test-suite type="Assembly" name="C:\Users\Mehmet Gerceker\workspace\CSharp-Nunit-Selenium\ParallelSelenium\bin\Release\ParallelSelenium.dll" executed="True" result="Success" success="True" time="8.125" asserts="0">
    <results>
      <test-suite type="Namespace" name="ParallelSelenium" executed="True" result="Success" success="True" time="8.102" asserts="0">
        <results>
          <test-suite type="TestFixture" name="ParallelSearchTests" executed="True" result="Success" success="True" time="8.100" asserts="0">
            <results>
              <test-case name="ParallelSelenium.ParallelSearchTests.googleTest" executed="True" result="Success" success="True" time="8.081" asserts="1" />
            </results>
          </test-suite>
        </results>
      </test-suite>
    </results>
  </test-suite>
</test-results>